This is pdfTeX, Version 3.14159265-2.6-1.40.18 (TeX Live 2017) (preloaded format=pdflatex 2017.8.6)  22 SEP 2017 00:14
entering extended mode
 restricted \write18 enabled.
 %&-line parsing enabled.
**main.tex
(./main.tex
LaTeX2e <2017-04-15>
Babel <3.10> and hyphenation patterns for 84 language(s) loaded.
(./G7-32.cls
Document Class: G7-32 2003/07/01 v1.0 Non Standard LaTeX document class
(./G2-105.sty
Package: G2-105 2003/07/07 v1.00 General reqs. GOST 2.105-95
 (./GostBase.clo
(/usr/local/texlive/2017/texmf-dist/tex/latex/extsizes/size14.clo
File: size14.clo 1999/11/11 v1.4a NON-Standard LaTeX file (size option)
))
\c@totalpage=\count79
\c@totaltable=\count80
\c@totalfigure=\count81
\c@totalbib=\count82
\GostAfterTitleSkip=\skip41
\GostBetweenTitleSkip=\skip42
\GostBeforTitleSkip=\skip43
\GostBeforNoTitleSkip=\skip44
\GostHTitleSpace=\skip45
\GostTitleIndent=\skip46
\Gost@ChapterIndent=\skip47
\Gost@MainChapterIndent=\skip48
\Gost@TitleDropSkip=\skip49
\c@chapter=\count83
\c@section=\count84
\c@subsection=\count85
\c@subsubsection=\count86
\NirTitleDropSkip=\skip50

(/usr/local/texlive/2017/texmf-dist/tex/generic/iftex/iftex.sty
Package: iftex 2013/04/04 v0.2 Provides if(tex) conditional for PDFTeX, XeTeX, 
and LuaTeX
)
(/usr/local/texlive/2017/texmf-dist/tex/latex/cmap/cmap.sty
Package: cmap 2008/03/06 v1.0h CMap support: searchable PDF
)
(/usr/local/texlive/2017/texmf-dist/tex/latex/base/fontenc.sty
Package: fontenc 2017/04/05 v2.0i Standard LaTeX package

(/usr/local/texlive/2017/texmf-dist/tex/latex/cyrillic/t2aenc.def
File: t2aenc.def 2005/09/27 v1.0i Cyrillic encoding definition file
)
LaTeX Font Info:    Try loading font information for T2A+cmr on input line 105.


(/usr/local/texlive/2017/texmf-dist/tex/latex/cyrillic/t2acmr.fd
File: t2acmr.fd 2001/08/11 v1.0a Computer Modern Cyrillic font definitions
)<<t2a.cmap>>)
(/usr/local/texlive/2017/texmf-dist/tex/latex/base/inputenc.sty
Package: inputenc 2015/03/17 v1.2c Input encoding file
\inpenc@prehook=\toks14
\inpenc@posthook=\toks15

(/usr/local/texlive/2017/texmf-dist/tex/latex/ucs/utf8x.def
File: utf8x.def 2004/10/17 UCS: Input encoding UTF-8
))
(/usr/local/texlive/2017/texmf-dist/tex/latex/ucs/ucs.sty
Package: ucs 2013/05/11 v2.2 UCS: Unicode input support

(/usr/local/texlive/2017/texmf-dist/tex/latex/ucs/data/uni-global.def
File: uni-global.def 2013/05/13 UCS: Unicode global data
)
\uc@secondtry=\count87
\uc@combtoks=\toks16
\uc@combtoksb=\toks17
\uc@temptokena=\toks18
)
(/usr/local/texlive/2017/texmf-dist/tex/generic/babel/babel.sty
Package: babel 2017/05/19 3.10 The Babel package

(/usr/local/texlive/2017/texmf-dist/tex/generic/babel-english/english.ldf
Language: english 2017/01/24 v3.3q English support from the babel system

(/usr/local/texlive/2017/texmf-dist/tex/generic/babel/babel.def
File: babel.def 2017/05/19 3.10 Babel common definitions
\babel@savecnt=\count88
\U@D=\dimen102
)
\l@canadian = a dialect from \language\l@american 
\l@australian = a dialect from \language\l@british 
\l@newzealand = a dialect from \language\l@british 
)
(/usr/local/texlive/2017/texmf-dist/tex/generic/babel-russian/russianb.ldf
Language: russianb 2017/01/12 1.3i Russian support for the Babel system
Package babel Info: Making " an active character on input line 111.
))
(/usr/local/texlive/2017/texmf-dist/tex/latex/t2/mathtext.sty
Package: mathtext 1999/01/28 v1.0 transparent text-and-math defs
LaTeX Info: Redefining \halign on input line 111.
)
(/usr/local/texlive/2017/texmf-dist/tex/latex/base/flafter.sty
Package: flafter 2017/04/11 v1.4a Standard LaTeX floats after reference (FMi)
Applying: [2015/01/01] float order in 2-column on input line 49.
Already applied: [0000/00/00] float order in 2-column on input line 151.
)
\GostItemGap=\skip51
\GostItemIndent=\skip52
\GostItemNestedIndent=\skip53

(/usr/local/texlive/2017/texmf-dist/tex/latex/amsfonts/amssymb.sty
Package: amssymb 2013/01/14 v3.01 AMS font symbols

(/usr/local/texlive/2017/texmf-dist/tex/latex/amsfonts/amsfonts.sty
Package: amsfonts 2013/01/14 v3.01 Basic AMSFonts support
\@emptytoks=\toks19
\symAMSa=\mathgroup4
\symAMSb=\mathgroup5
LaTeX Font Info:    Overwriting math alphabet `\mathfrak' in version `bold'
(Font)                  U/euf/m/n --> U/euf/b/n on input line 106.
))
(/usr/local/texlive/2017/texmf-dist/tex/latex/amsmath/amsmath.sty
Package: amsmath 2016/11/05 v2.16a AMS math features
\@mathmargin=\skip54

For additional information on amsmath, use the `?' option.
(/usr/local/texlive/2017/texmf-dist/tex/latex/amsmath/amstext.sty
Package: amstext 2000/06/29 v2.01 AMS text

(/usr/local/texlive/2017/texmf-dist/tex/latex/amsmath/amsgen.sty
File: amsgen.sty 1999/11/30 v2.0 generic functions
\@emptytoks=\toks20
\ex@=\dimen103
))
(/usr/local/texlive/2017/texmf-dist/tex/latex/amsmath/amsbsy.sty
Package: amsbsy 1999/11/29 v1.2d Bold Symbols
\pmbraise@=\dimen104
)
(/usr/local/texlive/2017/texmf-dist/tex/latex/amsmath/amsopn.sty
Package: amsopn 2016/03/08 v2.02 operator names
)
\inf@bad=\count89
LaTeX Info: Redefining \frac on input line 213.
\uproot@=\count90
\leftroot@=\count91
LaTeX Info: Redefining \overline on input line 375.
\classnum@=\count92
\DOTSCASE@=\count93
LaTeX Info: Redefining \ldots on input line 472.
LaTeX Info: Redefining \dots on input line 475.
LaTeX Info: Redefining \cdots on input line 596.
\Mathstrutbox@=\box26
\strutbox@=\box27
\big@size=\dimen105
LaTeX Font Info:    Redeclaring font encoding OML on input line 712.
\symOMLletters=\mathgroup6
LaTeX Font Info:    Redeclaring font encoding OMS on input line 713.
\symOMSletters=\mathgroup7
\macc@depth=\count94
\c@MaxMatrixCols=\count95
\dotsspace@=\muskip10
\c@parentequation=\count96
\dspbrk@lvl=\count97
\tag@help=\toks21
\row@=\count98
\column@=\count99
\maxfields@=\count100
\andhelp@=\toks22
\eqnshift@=\dimen106
\alignsep@=\dimen107
\tagshift@=\dimen108
\tagwidth@=\dimen109
\totwidth@=\dimen110
\lineht@=\dimen111
\@envbody=\toks23
\multlinegap=\skip55
\multlinetaggap=\skip56
\mathdisplay@stack=\toks24
LaTeX Info: Redefining \[ on input line 2817.
LaTeX Info: Redefining \] on input line 2818.
)
(/usr/local/texlive/2017/texmf-dist/tex/latex/was/icomma.sty
Package: icomma 2002/03/10 v2.0 (WaS)
)
(/usr/local/texlive/2017/texmf-dist/tex/latex/base/leqno.clo
File: leqno.clo 2016/12/29 v1.2a Standard LaTeX option (left equation numbers)
)
\Gost@EqRemLen=\skip57
\Gost@@EqRemLen=\skip58

(/usr/local/texlive/2017/texmf-dist/tex/latex/caption/caption.sty
Package: caption 2016/02/21 v3.3-144 Customizing captions (AR)

(/usr/local/texlive/2017/texmf-dist/tex/latex/caption/caption3.sty
Package: caption3 2016/05/22 v1.7-166 caption3 kernel (AR)
Package caption3 Info: TeX engine: e-TeX on input line 67.

(/usr/local/texlive/2017/texmf-dist/tex/latex/graphics/keyval.sty
Package: keyval 2014/10/28 v1.15 key=value parser (DPC)
\KV@toks@=\toks25
)
\captionmargin=\dimen112
\captionmargin@=\dimen113
\captionwidth=\dimen114
\caption@tempdima=\dimen115
\caption@indent=\dimen116
\caption@parindent=\dimen117
\caption@hangindent=\dimen118
\abovecaptionskip=\skip59
\belowcaptionskip=\skip60
Package caption Info: Unknown document class (or package),
(caption)             standard defaults will be used.
)

Package caption Warning: Unsupported document class (or package) detected,
(caption)                usage of the caption package is not recommended.
See the caption package documentation for explanation.

Package caption Info: \@makecaption = undefined.
\c@ContinuedFloat=\count101
)
\c@figure=\count102
\c@table=\count103
 (/usr/local/texlive/2017/texmf-dist/tex/latex/tools/longtable.sty
Package: longtable 2014/10/28 v4.11 Multi-page Table package (DPC)
\LTleft=\skip61
\LTright=\skip62
\LTpre=\skip63
\LTpost=\skip64
\LTchunksize=\count104
\LTcapwidth=\dimen119
\LT@head=\box28
\LT@firsthead=\box29
\LT@foot=\box30
\LT@lastfoot=\box31
\LT@cols=\count105
\LT@rows=\count106
\c@LT@tables=\count107
\c@LT@chunks=\count108
\LT@p@ftn=\toks26
)
(/usr/local/texlive/2017/texmf-dist/tex/latex/footmisc/footmisc.sty
Package: footmisc 2011/06/06 v5.5b a miscellany of footnote facilities
\FN@temptoken=\toks27
\footnotemargin=\dimen120
\c@pp@next@reset=\count109
\c@@fnserial=\count110
Package footmisc Info: Declaring symbol style bringhurst on input line 855.
Package footmisc Info: Declaring symbol style chicago on input line 863.
Package footmisc Info: Declaring symbol style wiley on input line 872.
Package footmisc Info: Declaring symbol style lamport-robust on input line 883.

Package footmisc Info: Declaring symbol style lamport* on input line 903.
Package footmisc Info: Declaring symbol style lamport*-robust on input line 924
.
)
\bibindent=\dimen121
)
(/usr/local/texlive/2017/texmf-dist/tex/latex/geometry/geometry.sty
Package: geometry 2010/09/12 v5.6 Page Geometry

(/usr/local/texlive/2017/texmf-dist/tex/generic/oberdiek/ifpdf.sty
Package: ifpdf 2017/03/15 v3.2 Provides the ifpdf switch
)
(/usr/local/texlive/2017/texmf-dist/tex/generic/oberdiek/ifvtex.sty
Package: ifvtex 2016/05/16 v1.6 Detect VTeX and its facilities (HO)
Package ifvtex Info: VTeX not detected.
)
(/usr/local/texlive/2017/texmf-dist/tex/generic/ifxetex/ifxetex.sty
Package: ifxetex 2010/09/12 v0.6 Provides ifxetex conditional
)
\Gm@cnth=\count111
\Gm@cntv=\count112
\c@Gm@tempcnt=\count113
\Gm@bindingoffset=\dimen122
\Gm@wd@mp=\dimen123
\Gm@odd@mp=\dimen124
\Gm@even@mp=\dimen125
\Gm@layoutwidth=\dimen126
\Gm@layoutheight=\dimen127
\Gm@layouthoffset=\dimen128
\Gm@layoutvoffset=\dimen129
\Gm@dimlist=\toks28
)
(./G7-32.sty
Package: G7-32 2003/07/07 v1.00 Titles for GOST 7.32-2001
)) (/usr/local/texlive/2017/texmf-dist/tex/latex/base/fontenc.sty
Package: fontenc 2017/04/05 v2.0i Standard LaTeX package

(/usr/local/texlive/2017/texmf-dist/tex/latex/cyrillic/t2aenc.def
File: t2aenc.def 2005/09/27 v1.0i Cyrillic encoding definition file
LaTeX Font Info:    Redeclaring font encoding T2A on input line 42.
\symT2Aletters=\mathgroup8
))
\@input{preamble.inc.aux}
\openout2 = `preamble.inc.aux'.

(./preamble.inc.tex
(/usr/local/texlive/2017/texmf-dist/tex/latex/hyperref/hyperref.sty
Package: hyperref 2017/03/14 v6.85a Hypertext links for LaTeX

(/usr/local/texlive/2017/texmf-dist/tex/generic/oberdiek/hobsub-hyperref.sty
Package: hobsub-hyperref 2016/05/16 v1.14 Bundle oberdiek, subset hyperref (HO)


(/usr/local/texlive/2017/texmf-dist/tex/generic/oberdiek/hobsub-generic.sty
Package: hobsub-generic 2016/05/16 v1.14 Bundle oberdiek, subset generic (HO)
Package: hobsub 2016/05/16 v1.14 Construct package bundles (HO)
Package: infwarerr 2016/05/16 v1.4 Providing info/warning/error messages (HO)
Package: ltxcmds 2016/05/16 v1.23 LaTeX kernel commands for general use (HO)
Package: ifluatex 2016/05/16 v1.4 Provides the ifluatex switch (HO)
Package ifluatex Info: LuaTeX not detected.
Package hobsub Info: Skipping package `ifvtex' (already loaded).
Package: intcalc 2016/05/16 v1.2 Expandable calculations with integers (HO)
Package hobsub Info: Skipping package `ifpdf' (already loaded).
Package: etexcmds 2016/05/16 v1.6 Avoid name clashes with e-TeX commands (HO)
Package etexcmds Info: Could not find \expanded.
(etexcmds)             That can mean that you are not using pdfTeX 1.50 or
(etexcmds)             that some package has redefined \expanded.
(etexcmds)             In the latter case, load this package earlier.
Package: kvsetkeys 2016/05/16 v1.17 Key value parser (HO)
Package: kvdefinekeys 2016/05/16 v1.4 Define keys (HO)
Package: pdftexcmds 2017/03/19 v0.25 Utility functions of pdfTeX for LuaTeX (HO
)
Package pdftexcmds Info: LuaTeX not detected.
Package pdftexcmds Info: \pdf@primitive is available.
Package pdftexcmds Info: \pdf@ifprimitive is available.
Package pdftexcmds Info: \pdfdraftmode found.
Package: pdfescape 2016/05/16 v1.14 Implements pdfTeX's escape features (HO)
Package: bigintcalc 2016/05/16 v1.4 Expandable calculations on big integers (HO
)
Package: bitset 2016/05/16 v1.2 Handle bit-vector datatype (HO)
Package: uniquecounter 2016/05/16 v1.3 Provide unlimited unique counter (HO)
)
Package hobsub Info: Skipping package `hobsub' (already loaded).
Package: letltxmacro 2016/05/16 v1.5 Let assignment for LaTeX macros (HO)
Package: hopatch 2016/05/16 v1.3 Wrapper for package hooks (HO)
Package: xcolor-patch 2016/05/16 xcolor patch
Package: atveryend 2016/05/16 v1.9 Hooks at the very end of document (HO)
Package atveryend Info: \enddocument detected (standard20110627).
Package: atbegshi 2016/06/09 v1.18 At begin shipout hook (HO)
Package: refcount 2016/05/16 v3.5 Data extraction from label references (HO)
Package: hycolor 2016/05/16 v1.8 Color options for hyperref/bookmark (HO)
)
(/usr/local/texlive/2017/texmf-dist/tex/latex/oberdiek/auxhook.sty
Package: auxhook 2016/05/16 v1.4 Hooks for auxiliary files (HO)
)
(/usr/local/texlive/2017/texmf-dist/tex/latex/oberdiek/kvoptions.sty
Package: kvoptions 2016/05/16 v3.12 Key value format for package options (HO)
)
\@linkdim=\dimen130
\Hy@linkcounter=\count114
\Hy@pagecounter=\count115

(/usr/local/texlive/2017/texmf-dist/tex/latex/hyperref/pd1enc.def
File: pd1enc.def 2017/03/14 v6.85a Hyperref: PDFDocEncoding definition (HO)
\symPD1letters=\mathgroup9
)
\Hy@SavedSpaceFactor=\count116
Package hyperref Info: Option `unicode' set `true' on input line 3453.

(/usr/local/texlive/2017/texmf-dist/tex/latex/hyperref/puenc.def
File: puenc.def 2017/03/14 v6.85a Hyperref: PDF Unicode definition (HO)
\symPUletters=\mathgroup10
)
(/usr/local/texlive/2017/texmf-dist/tex/latex/latexconfig/hyperref.cfg
File: hyperref.cfg 2002/06/06 v1.2 hyperref configuration of TeXLive
)
Package hyperref Info: Option `bookmarks' set `true' on input line 4374.
Package hyperref Info: Option `colorlinks' set `true' on input line 4374.
Package hyperref Info: Option `unicode' set `true' on input line 4374.
Package hyperref Info: Hyper figures OFF on input line 4498.
Package hyperref Info: Link nesting OFF on input line 4503.
Package hyperref Info: Hyper index ON on input line 4506.
Package hyperref Info: Plain pages OFF on input line 4513.
Package hyperref Info: Backreferencing OFF on input line 4518.
Package hyperref Info: Implicit mode ON; LaTeX internals redefined.
Package hyperref Info: Bookmarks ON on input line 4751.
\c@Hy@tempcnt=\count117

(/usr/local/texlive/2017/texmf-dist/tex/latex/url/url.sty
\Urlmuskip=\muskip11
Package: url 2013/09/16  ver 3.4  Verb mode for urls, etc.
)
LaTeX Info: Redefining \url on input line 5104.
\XeTeXLinkMargin=\dimen131
\Fld@menulength=\count118
\Field@Width=\dimen132
\Fld@charsize=\dimen133
Package hyperref Info: Hyper figures OFF on input line 6358.
Package hyperref Info: Link nesting OFF on input line 6363.
Package hyperref Info: Hyper index ON on input line 6366.
Package hyperref Info: backreferencing OFF on input line 6373.
Package hyperref Info: Link coloring ON on input line 6376.
Package hyperref Info: Link coloring with OCG OFF on input line 6383.
Package hyperref Info: PDF/A mode OFF on input line 6388.
LaTeX Info: Redefining \ref on input line 6428.
LaTeX Info: Redefining \pageref on input line 6432.
\Hy@abspage=\count119
\c@Item=\count120
\c@Hfootnote=\count121
)

Package hyperref Message: Driver (autodetected): hpdftex.

(/usr/local/texlive/2017/texmf-dist/tex/latex/hyperref/hpdftex.def
File: hpdftex.def 2017/03/14 v6.85a Hyperref driver for pdfTeX
\Fld@listcount=\count122
\c@bookmark@seq@number=\count123

(/usr/local/texlive/2017/texmf-dist/tex/latex/oberdiek/rerunfilecheck.sty
Package: rerunfilecheck 2016/05/16 v1.8 Rerun checks for auxiliary files (HO)
Package uniquecounter Info: New unique counter `rerunfilecheck' on input line 2
82.
)
\Hy@SectionHShift=\skip65
)
(/usr/local/texlive/2017/texmf-dist/tex/latex/graphics/graphicx.sty
Package: graphicx 2014/10/28 v1.0g Enhanced LaTeX Graphics (DPC,SPQR)

(/usr/local/texlive/2017/texmf-dist/tex/latex/graphics/graphics.sty
Package: graphics 2017/04/14 v1.1b Standard LaTeX Graphics (DPC,SPQR)

(/usr/local/texlive/2017/texmf-dist/tex/latex/graphics/trig.sty
Package: trig 2016/01/03 v1.10 sin cos tan (DPC)
)
(/usr/local/texlive/2017/texmf-dist/tex/latex/graphics-cfg/graphics.cfg
File: graphics.cfg 2016/06/04 v1.11 sample graphics configuration
)
Package graphics Info: Driver file: pdftex.def on input line 99.

(/usr/local/texlive/2017/texmf-dist/tex/latex/graphics-def/pdftex.def
File: pdftex.def 2017/01/12 v0.06k Graphics/color for pdfTeX
\Gread@gobject=\count124
))
\Gin@req@height=\dimen134
\Gin@req@width=\dimen135
)
(/usr/local/texlive/2017/texmf-dist/tex/latex/pgf/frontendlayer/tikz.sty
(/usr/local/texlive/2017/texmf-dist/tex/latex/pgf/basiclayer/pgf.sty
(/usr/local/texlive/2017/texmf-dist/tex/latex/pgf/utilities/pgfrcs.sty
(/usr/local/texlive/2017/texmf-dist/tex/generic/pgf/utilities/pgfutil-common.te
x
\pgfutil@everybye=\toks29
\pgfutil@tempdima=\dimen136
\pgfutil@tempdimb=\dimen137

(/usr/local/texlive/2017/texmf-dist/tex/generic/pgf/utilities/pgfutil-common-li
sts.tex))
(/usr/local/texlive/2017/texmf-dist/tex/generic/pgf/utilities/pgfutil-latex.def
\pgfutil@abb=\box32
(/usr/local/texlive/2017/texmf-dist/tex/latex/ms/everyshi.sty
Package: everyshi 2001/05/15 v3.00 EveryShipout Package (MS)
))
(/usr/local/texlive/2017/texmf-dist/tex/generic/pgf/utilities/pgfrcs.code.tex
Package: pgfrcs 2015/08/07 v3.0.1a (rcs-revision 1.31)
))
Package: pgf 2015/08/07 v3.0.1a (rcs-revision 1.15)
(/usr/local/texlive/2017/texmf-dist/tex/latex/pgf/basiclayer/pgfcore.sty
(/usr/local/texlive/2017/texmf-dist/tex/latex/pgf/systemlayer/pgfsys.sty
(/usr/local/texlive/2017/texmf-dist/tex/generic/pgf/systemlayer/pgfsys.code.tex
Package: pgfsys 2014/07/09 v3.0.1a (rcs-revision 1.48)
(/usr/local/texlive/2017/texmf-dist/tex/generic/pgf/utilities/pgfkeys.code.tex
\pgfkeys@pathtoks=\toks30
\pgfkeys@temptoks=\toks31

(/usr/local/texlive/2017/texmf-dist/tex/generic/pgf/utilities/pgfkeysfiltered.c
ode.tex
\pgfkeys@tmptoks=\toks32
))
\pgf@x=\dimen138
\pgf@y=\dimen139
\pgf@xa=\dimen140
\pgf@ya=\dimen141
\pgf@xb=\dimen142
\pgf@yb=\dimen143
\pgf@xc=\dimen144
\pgf@yc=\dimen145
\w@pgf@writea=\write3
\r@pgf@reada=\read1
\c@pgf@counta=\count125
\c@pgf@countb=\count126
\c@pgf@countc=\count127
\c@pgf@countd=\count128
\t@pgf@toka=\toks33
\t@pgf@tokb=\toks34
\t@pgf@tokc=\toks35

(/usr/local/texlive/2017/texmf-dist/tex/generic/pgf/systemlayer/pgf.cfg
File: pgf.cfg 2008/05/14  (rcs-revision 1.7)
)
Driver file for pgf: pgfsys-pdftex.def

(/usr/local/texlive/2017/texmf-dist/tex/generic/pgf/systemlayer/pgfsys-pdftex.d
ef
File: pgfsys-pdftex.def 2014/10/11  (rcs-revision 1.35)

(/usr/local/texlive/2017/texmf-dist/tex/generic/pgf/systemlayer/pgfsys-common-p
df.def
File: pgfsys-common-pdf.def 2013/10/10  (rcs-revision 1.13)
)))
(/usr/local/texlive/2017/texmf-dist/tex/generic/pgf/systemlayer/pgfsyssoftpath.
code.tex
File: pgfsyssoftpath.code.tex 2013/09/09  (rcs-revision 1.9)
\pgfsyssoftpath@smallbuffer@items=\count129
\pgfsyssoftpath@bigbuffer@items=\count130
)
(/usr/local/texlive/2017/texmf-dist/tex/generic/pgf/systemlayer/pgfsysprotocol.
code.tex
File: pgfsysprotocol.code.tex 2006/10/16  (rcs-revision 1.4)
)) (/usr/local/texlive/2017/texmf-dist/tex/latex/xcolor/xcolor.sty
Package: xcolor 2016/05/11 v2.12 LaTeX color extensions (UK)

(/usr/local/texlive/2017/texmf-dist/tex/latex/graphics-cfg/color.cfg
File: color.cfg 2016/01/02 v1.6 sample color configuration
)
Package xcolor Info: Driver file: pdftex.def on input line 225.
Package xcolor Info: Model `cmy' substituted by `cmy0' on input line 1348.
Package xcolor Info: Model `hsb' substituted by `rgb' on input line 1352.
Package xcolor Info: Model `RGB' extended on input line 1364.
Package xcolor Info: Model `HTML' substituted by `rgb' on input line 1366.
Package xcolor Info: Model `Hsb' substituted by `hsb' on input line 1367.
Package xcolor Info: Model `tHsb' substituted by `hsb' on input line 1368.
Package xcolor Info: Model `HSB' substituted by `hsb' on input line 1369.
Package xcolor Info: Model `Gray' substituted by `gray' on input line 1370.
Package xcolor Info: Model `wave' substituted by `hsb' on input line 1371.
)
(/usr/local/texlive/2017/texmf-dist/tex/generic/pgf/basiclayer/pgfcore.code.tex
Package: pgfcore 2010/04/11 v3.0.1a (rcs-revision 1.7)
(/usr/local/texlive/2017/texmf-dist/tex/generic/pgf/math/pgfmath.code.tex
(/usr/local/texlive/2017/texmf-dist/tex/generic/pgf/math/pgfmathcalc.code.tex
(/usr/local/texlive/2017/texmf-dist/tex/generic/pgf/math/pgfmathutil.code.tex)
(/usr/local/texlive/2017/texmf-dist/tex/generic/pgf/math/pgfmathparser.code.tex
\pgfmath@dimen=\dimen146
\pgfmath@count=\count131
\pgfmath@box=\box33
\pgfmath@toks=\toks36
\pgfmath@stack@operand=\toks37
\pgfmath@stack@operation=\toks38
)
(/usr/local/texlive/2017/texmf-dist/tex/generic/pgf/math/pgfmathfunctions.code.
tex
(/usr/local/texlive/2017/texmf-dist/tex/generic/pgf/math/pgfmathfunctions.basic
.code.tex)
(/usr/local/texlive/2017/texmf-dist/tex/generic/pgf/math/pgfmathfunctions.trigo
nometric.code.tex)
(/usr/local/texlive/2017/texmf-dist/tex/generic/pgf/math/pgfmathfunctions.rando
m.code.tex)
(/usr/local/texlive/2017/texmf-dist/tex/generic/pgf/math/pgfmathfunctions.compa
rison.code.tex)
(/usr/local/texlive/2017/texmf-dist/tex/generic/pgf/math/pgfmathfunctions.base.
code.tex)
(/usr/local/texlive/2017/texmf-dist/tex/generic/pgf/math/pgfmathfunctions.round
.code.tex)
(/usr/local/texlive/2017/texmf-dist/tex/generic/pgf/math/pgfmathfunctions.misc.
code.tex)
(/usr/local/texlive/2017/texmf-dist/tex/generic/pgf/math/pgfmathfunctions.integ
erarithmetics.code.tex)))
(/usr/local/texlive/2017/texmf-dist/tex/generic/pgf/math/pgfmathfloat.code.tex
\c@pgfmathroundto@lastzeros=\count132
))
(/usr/local/texlive/2017/texmf-dist/tex/generic/pgf/basiclayer/pgfcorepoints.co
de.tex
File: pgfcorepoints.code.tex 2013/10/07  (rcs-revision 1.27)
\pgf@picminx=\dimen147
\pgf@picmaxx=\dimen148
\pgf@picminy=\dimen149
\pgf@picmaxy=\dimen150
\pgf@pathminx=\dimen151
\pgf@pathmaxx=\dimen152
\pgf@pathminy=\dimen153
\pgf@pathmaxy=\dimen154
\pgf@xx=\dimen155
\pgf@xy=\dimen156
\pgf@yx=\dimen157
\pgf@yy=\dimen158
\pgf@zx=\dimen159
\pgf@zy=\dimen160
)
(/usr/local/texlive/2017/texmf-dist/tex/generic/pgf/basiclayer/pgfcorepathconst
ruct.code.tex
File: pgfcorepathconstruct.code.tex 2013/10/07  (rcs-revision 1.29)
\pgf@path@lastx=\dimen161
\pgf@path@lasty=\dimen162
)
(/usr/local/texlive/2017/texmf-dist/tex/generic/pgf/basiclayer/pgfcorepathusage
.code.tex
File: pgfcorepathusage.code.tex 2014/11/02  (rcs-revision 1.24)
\pgf@shorten@end@additional=\dimen163
\pgf@shorten@start@additional=\dimen164
)
(/usr/local/texlive/2017/texmf-dist/tex/generic/pgf/basiclayer/pgfcorescopes.co
de.tex
File: pgfcorescopes.code.tex 2015/05/08  (rcs-revision 1.46)
\pgfpic=\box34
\pgf@hbox=\box35
\pgf@layerbox@main=\box36
\pgf@picture@serial@count=\count133
)
(/usr/local/texlive/2017/texmf-dist/tex/generic/pgf/basiclayer/pgfcoregraphicst
ate.code.tex
File: pgfcoregraphicstate.code.tex 2014/11/02  (rcs-revision 1.12)
\pgflinewidth=\dimen165
)
(/usr/local/texlive/2017/texmf-dist/tex/generic/pgf/basiclayer/pgfcoretransform
ations.code.tex
File: pgfcoretransformations.code.tex 2015/08/07  (rcs-revision 1.20)
\pgf@pt@x=\dimen166
\pgf@pt@y=\dimen167
\pgf@pt@temp=\dimen168
)
(/usr/local/texlive/2017/texmf-dist/tex/generic/pgf/basiclayer/pgfcorequick.cod
e.tex
File: pgfcorequick.code.tex 2008/10/09  (rcs-revision 1.3)
)
(/usr/local/texlive/2017/texmf-dist/tex/generic/pgf/basiclayer/pgfcoreobjects.c
ode.tex
File: pgfcoreobjects.code.tex 2006/10/11  (rcs-revision 1.2)
)
(/usr/local/texlive/2017/texmf-dist/tex/generic/pgf/basiclayer/pgfcorepathproce
ssing.code.tex
File: pgfcorepathprocessing.code.tex 2013/09/09  (rcs-revision 1.9)
)
(/usr/local/texlive/2017/texmf-dist/tex/generic/pgf/basiclayer/pgfcorearrows.co
de.tex
File: pgfcorearrows.code.tex 2015/05/14  (rcs-revision 1.43)
\pgfarrowsep=\dimen169
)
(/usr/local/texlive/2017/texmf-dist/tex/generic/pgf/basiclayer/pgfcoreshade.cod
e.tex
File: pgfcoreshade.code.tex 2013/07/15  (rcs-revision 1.15)
\pgf@max=\dimen170
\pgf@sys@shading@range@num=\count134
)
(/usr/local/texlive/2017/texmf-dist/tex/generic/pgf/basiclayer/pgfcoreimage.cod
e.tex
File: pgfcoreimage.code.tex 2013/07/15  (rcs-revision 1.18)

(/usr/local/texlive/2017/texmf-dist/tex/generic/pgf/basiclayer/pgfcoreexternal.
code.tex
File: pgfcoreexternal.code.tex 2014/07/09  (rcs-revision 1.21)
\pgfexternal@startupbox=\box37
))
(/usr/local/texlive/2017/texmf-dist/tex/generic/pgf/basiclayer/pgfcorelayers.co
de.tex
File: pgfcorelayers.code.tex 2013/07/18  (rcs-revision 1.7)
)
(/usr/local/texlive/2017/texmf-dist/tex/generic/pgf/basiclayer/pgfcoretranspare
ncy.code.tex
File: pgfcoretransparency.code.tex 2013/09/30  (rcs-revision 1.5)
)
(/usr/local/texlive/2017/texmf-dist/tex/generic/pgf/basiclayer/pgfcorepatterns.
code.tex
File: pgfcorepatterns.code.tex 2013/11/07  (rcs-revision 1.5)
)))
(/usr/local/texlive/2017/texmf-dist/tex/generic/pgf/modules/pgfmoduleshapes.cod
e.tex
File: pgfmoduleshapes.code.tex 2014/03/21  (rcs-revision 1.35)
\pgfnodeparttextbox=\box38
)
(/usr/local/texlive/2017/texmf-dist/tex/generic/pgf/modules/pgfmoduleplot.code.
tex
File: pgfmoduleplot.code.tex 2015/08/03  (rcs-revision 1.13)
)
(/usr/local/texlive/2017/texmf-dist/tex/latex/pgf/compatibility/pgfcomp-version
-0-65.sty
Package: pgfcomp-version-0-65 2007/07/03 v3.0.1a (rcs-revision 1.7)
\pgf@nodesepstart=\dimen171
\pgf@nodesepend=\dimen172
)
(/usr/local/texlive/2017/texmf-dist/tex/latex/pgf/compatibility/pgfcomp-version
-1-18.sty
Package: pgfcomp-version-1-18 2007/07/23 v3.0.1a (rcs-revision 1.1)
))
(/usr/local/texlive/2017/texmf-dist/tex/latex/pgf/utilities/pgffor.sty
(/usr/local/texlive/2017/texmf-dist/tex/latex/pgf/utilities/pgfkeys.sty
(/usr/local/texlive/2017/texmf-dist/tex/generic/pgf/utilities/pgfkeys.code.tex)
) (/usr/local/texlive/2017/texmf-dist/tex/latex/pgf/math/pgfmath.sty
(/usr/local/texlive/2017/texmf-dist/tex/generic/pgf/math/pgfmath.code.tex))
(/usr/local/texlive/2017/texmf-dist/tex/generic/pgf/utilities/pgffor.code.tex
Package: pgffor 2013/12/13 v3.0.1a (rcs-revision 1.25)

(/usr/local/texlive/2017/texmf-dist/tex/generic/pgf/math/pgfmath.code.tex)
\pgffor@iter=\dimen173
\pgffor@skip=\dimen174
\pgffor@stack=\toks39
\pgffor@toks=\toks40
))
(/usr/local/texlive/2017/texmf-dist/tex/generic/pgf/frontendlayer/tikz/tikz.cod
e.tex
Package: tikz 2015/08/07 v3.0.1a (rcs-revision 1.151)

(/usr/local/texlive/2017/texmf-dist/tex/generic/pgf/libraries/pgflibraryplothan
dlers.code.tex
File: pgflibraryplothandlers.code.tex 2013/08/31 v3.0.1a (rcs-revision 1.20)
\pgf@plot@mark@count=\count135
\pgfplotmarksize=\dimen175
)
\tikz@lastx=\dimen176
\tikz@lasty=\dimen177
\tikz@lastxsaved=\dimen178
\tikz@lastysaved=\dimen179
\tikzleveldistance=\dimen180
\tikzsiblingdistance=\dimen181
\tikz@figbox=\box39
\tikz@figbox@bg=\box40
\tikz@tempbox=\box41
\tikz@tempbox@bg=\box42
\tikztreelevel=\count136
\tikznumberofchildren=\count137
\tikznumberofcurrentchild=\count138
\tikz@fig@count=\count139

(/usr/local/texlive/2017/texmf-dist/tex/generic/pgf/modules/pgfmodulematrix.cod
e.tex
File: pgfmodulematrix.code.tex 2013/09/17  (rcs-revision 1.8)
\pgfmatrixcurrentrow=\count140
\pgfmatrixcurrentcolumn=\count141
\pgf@matrix@numberofcolumns=\count142
)
\tikz@expandcount=\count143

(/usr/local/texlive/2017/texmf-dist/tex/generic/pgf/frontendlayer/tikz/librarie
s/tikzlibrarytopaths.code.tex
File: tikzlibrarytopaths.code.tex 2008/06/17 v3.0.1a (rcs-revision 1.2)
)))
(/usr/local/texlive/2017/texmf-dist/tex/generic/pgf/frontendlayer/tikz/librarie
s/tikzlibraryarrows.code.tex
File: tikzlibraryarrows.code.tex 2008/01/09 v3.0.1a (rcs-revision 1.1)

(/usr/local/texlive/2017/texmf-dist/tex/generic/pgf/libraries/pgflibraryarrows.
code.tex
File: pgflibraryarrows.code.tex 2013/09/23 v3.0.1a (rcs-revision 1.16)
\arrowsize=\dimen182
))
(/usr/local/texlive/2017/texmf-dist/tex/generic/pgf/frontendlayer/tikz/librarie
s/tikzlibrarypositioning.code.tex
File: tikzlibrarypositioning.code.tex 2008/10/06 v3.0.1a (rcs-revision 1.7)
)
(/usr/local/texlive/2017/texmf-dist/tex/generic/pgf/frontendlayer/tikz/librarie
s/tikzlibraryshadows.code.tex
File: tikzlibraryshadows.code.tex 2008/01/13 v3.0.1a (rcs-revision 1.3)

(/usr/local/texlive/2017/texmf-dist/tex/generic/pgf/frontendlayer/tikz/librarie
s/tikzlibraryfadings.code.tex
File: tikzlibraryfadings.code.tex 2009/11/15 v3.0.1a (rcs-revision 1.2)

(/usr/local/texlive/2017/texmf-dist/tex/generic/pgf/libraries/pgflibraryfadings
.code.tex
File: pgflibraryfadings.code.tex 2008/02/07 v3.0.1a (rcs-revision 1.3)
))) (/usr/local/texlive/2017/texmf-dist/tex/latex/tools/enumerate.sty
Package: enumerate 2015/07/23 v3.00 enumerate extensions (DPC)
\@enLab=\toks41
) (/usr/local/texlive/2017/texmf-dist/tex/latex/multirow/multirow.sty
Package: multirow 2016/11/25 v2.2 Span multiple rows of a table
\multirow@colwidth=\skip66
\multirow@cntb=\count144
\multirow@dima=\skip67
\bigstrutjot=\dimen183
))
(/usr/local/texlive/2017/texmf-dist/tex/latex/paralist/paralist.sty
Package: paralist 2017/01/22 v2.7 Extended list environments
\pltopsep=\skip68
\plpartopsep=\skip69
\plitemsep=\skip70
\plparsep=\skip71
\pl@lab=\toks42
)
(/usr/local/texlive/2017/texmf-dist/tex/latex/tools/array.sty
Package: array 2016/10/06 v2.4d Tabular extension package (FMi)
\col@sep=\dimen184
\extrarowheight=\dimen185
\NC@list=\toks43
\extratabsurround=\skip72
\backup@length=\skip73
)
\@input{listings.inc.aux}
\openout2 = `listings.inc.aux'.

No file listings.inc.tex.
\@input{macros.inc.aux}
\openout2 = `macros.inc.aux'.

No file macros.inc.tex.
No file main.aux.
\openout1 = `main.aux'.

LaTeX Font Info:    Checking defaults for OML/cmm/m/it on input line 16.
LaTeX Font Info:    ... okay on input line 16.
LaTeX Font Info:    Checking defaults for T1/cmr/m/n on input line 16.
LaTeX Font Info:    ... okay on input line 16.
LaTeX Font Info:    Checking defaults for OT1/cmr/m/n on input line 16.
LaTeX Font Info:    ... okay on input line 16.
LaTeX Font Info:    Checking defaults for OMS/cmsy/m/n on input line 16.
LaTeX Font Info:    ... okay on input line 16.
LaTeX Font Info:    Checking defaults for OMX/cmex/m/n on input line 16.
LaTeX Font Info:    ... okay on input line 16.
LaTeX Font Info:    Checking defaults for U/cmr/m/n on input line 16.
LaTeX Font Info:    ... okay on input line 16.
LaTeX Font Info:    Checking defaults for T2A/cmr/m/n on input line 16.
LaTeX Font Info:    ... okay on input line 16.
LaTeX Font Info:    Checking defaults for PD1/pdf/m/n on input line 16.
LaTeX Font Info:    ... okay on input line 16.
LaTeX Font Info:    Checking defaults for PU/pdf/m/n on input line 16.
LaTeX Font Info:    ... okay on input line 16.
(/usr/local/texlive/2017/texmf-dist/tex/latex/ucs/ucsencs.def
File: ucsencs.def 2011/01/21 Fixes to fontencodings LGR, T3
)
Package caption Info: Begin \AtBeginDocument code.
Package caption Info: hyperref package is loaded.
Package caption Info: longtable package is loaded.

(/usr/local/texlive/2017/texmf-dist/tex/latex/caption/ltcaption.sty
Package: ltcaption 2013/06/09 v1.4-94 longtable captions (AR)
)
Package caption Info: End \AtBeginDocument code.

*geometry* driver: auto-detecting
*geometry* detected driver: pdftex
*geometry* verbose mode - [ preamble ] result:
* driver: pdftex
* paper: <default>
* layout: <same size as paper>
* layoutoffset:(h,v)=(0.0pt,0.0pt)
* modes: 
* h-part:(L,W,R)=(85.35826pt, 455.24411pt, 56.9055pt)
* v-part:(T,H,B)=(56.9055pt, 731.23584pt, 56.9055pt)
* \paperwidth=597.50787pt
* \paperheight=845.04684pt
* \textwidth=455.24411pt
* \textheight=731.23584pt
* \oddsidemargin=13.08827pt
* \evensidemargin=13.08827pt
* \topmargin=-29.36449pt
* \headheight=14.0pt
* \headsep=0.0pt
* \topskip=14.0pt
* \footskip=30.0pt
* \marginparwidth=15.0pt
* \marginparsep=10.0pt
* \columnsep=10.0pt
* \skip\footins=12.0pt plus 4.0pt minus 2.0pt
* \hoffset=0.0pt
* \voffset=0.0pt
* \mag=1000
* \@twocolumnfalse
* \@twosidefalse
* \@mparswitchfalse
* \@reversemarginfalse
* (1in=72.27pt=25.4mm, 1cm=28.453pt)

\AtBeginShipoutBox=\box43
Package hyperref Info: Link coloring ON on input line 16.
(/usr/local/texlive/2017/texmf-dist/tex/latex/hyperref/nameref.sty
Package: nameref 2016/05/21 v2.44 Cross-referencing by name of section

(/usr/local/texlive/2017/texmf-dist/tex/generic/oberdiek/gettitlestring.sty
Package: gettitlestring 2016/05/16 v1.5 Cleanup title references (HO)
)
\c@section@level=\count145
)
LaTeX Info: Redefining \ref on input line 16.
LaTeX Info: Redefining \pageref on input line 16.
LaTeX Info: Redefining \nameref on input line 16.
\@outlinefile=\write4
\openout4 = `main.out'.


(/usr/local/texlive/2017/texmf-dist/tex/context/base/mkii/supp-pdf.mkii
[Loading MPS to PDF converter (version 2006.09.02).]
\scratchcounter=\count146
\scratchdimen=\dimen186
\scratchbox=\box44
\nofMPsegments=\count147
\nofMParguments=\count148
\everyMPshowfont=\toks44
\MPscratchCnt=\count149
\MPscratchDim=\dimen187
\MPnumerator=\count150
\makeMPintoPDFobject=\count151
\everyMPtoPDFconversion=\toks45
) (/usr/local/texlive/2017/texmf-dist/tex/latex/oberdiek/epstopdf-base.sty
Package: epstopdf-base 2016/05/15 v2.6 Base part for package epstopdf

(/usr/local/texlive/2017/texmf-dist/tex/latex/oberdiek/grfext.sty
Package: grfext 2016/05/16 v1.2 Manage graphics extensions (HO)
)
Package epstopdf-base Info: Redefining graphics rule for `.eps' on input line 4
38.
Package grfext Info: Graphics extension search list:
(grfext)             [.png,.pdf,.jpg,.mps,.jpeg,.jbig2,.jb2,.PNG,.PDF,.JPG,.JPE
G,.JBIG2,.JB2,.eps]
(grfext)             \AppendGraphicsExtensions on input line 456.

(/usr/local/texlive/2017/texmf-dist/tex/latex/latexconfig/epstopdf-sys.cfg
File: epstopdf-sys.cfg 2010/07/13 v1.3 Configuration of (r)epstopdf for TeX Liv
e
))
ABD: EveryShipout initializing macros
\tf@toc=\write5
\openout5 = `main.toc'.

Package babel Info: Redefining russian shorthand "|
(babel)             in language append on input line 31.
Package babel Info: Redefining russian shorthand "~
(babel)             in language append on input line 31.
Package babel Info: Redefining russian shorthand "|
(babel)             in language append on input line 31.
Package babel Info: Redefining russian shorthand "~
(babel)             in language append on input line 31.
 [1



\FN@pp@footnotehinttrue 


\FN@pp@footnotehinttrue 


\FN@pp@footnotehinttrue 


{/usr/local/texlive/2017/texmf-var/fonts/map/pdftex/updmap/pdftex.map}]
\openout2 = `12_Intro.aux'.


(./12_Intro.tex
Package babel Info: Redefining russian shorthand "|
(babel)             in language append on input line 3.
Package babel Info: Redefining russian shorthand "~
(babel)             in language append on input line 3.

(/usr/local/texlive/2017/texmf-dist/tex/latex/ucs/data/uni-4.def
File: uni-4.def 2013/05/13 UCS: Unicode data U+0400..U+04FF
)
(/usr/local/texlive/2017/texmf-dist/tex/latex/ucs/data/uni-32.def
File: uni-32.def 2013/05/13 UCS: Unicode data U+2000..U+20FF
)

LaTeX Warning: Citation `@ogk.mag.' on page 2 undefined on input line 12.


LaTeX Warning: Citation `@dodd.apostolic' on page 2 undefined on input line 16.


<<ot1.cmap>><<oml.cmap>><<oms.cmap>><<omx.cmap>>
LaTeX Font Info:    Try loading font information for U+msa on input line 17.

(/usr/local/texlive/2017/texmf-dist/tex/latex/amsfonts/umsa.fd
File: umsa.fd 2013/01/14 v3.01 AMS symbols A
)
LaTeX Font Info:    Try loading font information for U+msb on input line 17.

(/usr/local/texlive/2017/texmf-dist/tex/latex/amsfonts/umsb.fd
File: umsb.fd 2013/01/14 v3.01 AMS symbols B
)
LaTeX Font Info:    Try loading font information for OML+cmr on input line 17.

(/usr/local/texlive/2017/texmf-dist/tex/latex/base/omlcmr.fd
File: omlcmr.fd 2014/09/29 v2.5h Standard LaTeX font definitions
)
LaTeX Font Info:    Font shape `OML/cmr/m/n' in size <14.4> not available
(Font)              Font shape `OML/cmm/m/it' tried instead on input line 17.
LaTeX Font Info:    Font shape `OML/cmr/m/n' in size <10> not available
(Font)              Font shape `OML/cmm/m/it' tried instead on input line 17.
LaTeX Font Info:    Font shape `OML/cmr/m/n' in size <7> not available
(Font)              Font shape `OML/cmm/m/it' tried instead on input line 17.
LaTeX Font Info:    Try loading font information for OMS+cmr on input line 17.

(/usr/local/texlive/2017/texmf-dist/tex/latex/base/omscmr.fd
File: omscmr.fd 2014/09/29 v2.5h Standard LaTeX font definitions
)
LaTeX Font Info:    Font shape `OMS/cmr/m/n' in size <14.4> not available
(Font)              Font shape `OMS/cmsy/m/n' tried instead on input line 17.
LaTeX Font Info:    Font shape `OMS/cmr/m/n' in size <10> not available
(Font)              Font shape `OMS/cmsy/m/n' tried instead on input line 17.
LaTeX Font Info:    Font shape `OMS/cmr/m/n' in size <7> not available
(Font)              Font shape `OMS/cmsy/m/n' tried instead on input line 17.
LaTeX Font Info:    Try loading font information for PD1+cmr on input line 17.
LaTeX Font Info:    No file PD1cmr.fd. on input line 17.


LaTeX Font Warning: Font shape `PD1/cmr/m/n' undefined
(Font)              using `PD1/pdf/m/n' instead on input line 17.

LaTeX Font Info:    Try loading font information for PU+cmr on input line 17.
LaTeX Font Info:    No file PUcmr.fd. on input line 17.

LaTeX Font Warning: Font shape `PU/cmr/m/n' undefined
(Font)              using `PU/pdf/m/n' instead on input line 17.

LaTeX Font Info:    Font shape `OML/cmr/m/n' in size <5> not available
(Font)              Font shape `OML/cmm/m/it' tried instead on input line 17.
LaTeX Font Info:    Font shape `OMS/cmr/m/n' in size <5> not available
(Font)              Font shape `OMS/cmsy/m/n' tried instead on input line 17.
(/usr/local/texlive/2017/texmf-dist/tex/latex/ucs/data/uni-0.def
File: uni-0.def 2013/05/13 UCS: Unicode data U+0000..U+00FF
)

LaTeX Warning: Citation `@via.kerigma' on page 2 undefined on input line 17.


LaTeX Warning: Citation `@bultman.theology_1' on page 2 undefined on input line
 20.


LaTeX Warning: Citation `@via.kerigma' on page 2 undefined on input line 21.


LaTeX Warning: Citation `@dunn.edinstvo' on page 2 undefined on input line 22.

Package babel Info: Redefining russian shorthand "|
(babel)             in language append on input line 24.
Package babel Info: Redefining russian shorthand "~
(babel)             in language append on input line 24.
Package babel Info: Redefining russian shorthand "|
(babel)             in language append on input line 24.
Package babel Info: Redefining russian shorthand "~
(babel)             in language append on input line 24.
[2


]

LaTeX Warning: Citation `@rpc.concepcia' on page 3 undefined on input line 26.


LaTeX Warning: Citation `@brown.vvedenie_1' on page 3 undefined on input line 3
6.

)
Package babel Info: Redefining russian shorthand "|
(babel)             in language append on input line 31.
Package babel Info: Redefining russian shorthand "~
(babel)             in language append on input line 31.
Package babel Info: Redefining russian shorthand "|
(babel)             in language append on input line 31.
Package babel Info: Redefining russian shorthand "~
(babel)             in language append on input line 31.
 [3]
\openout2 = `20_Judes.aux'.

 (./20_Judes.tex
Package babel Info: Redefining russian shorthand "|
(babel)             in language append on input line 1.
Package babel Info: Redefining russian shorthand "~
(babel)             in language append on input line 1.
Package babel Info: Redefining russian shorthand "|
(babel)             in language append on input line 9.
Package babel Info: Redefining russian shorthand "~
(babel)             in language append on input line 9.

Underfull \hbox (badness 2418) in paragraph at lines 10--10
[][]\T2A/cmr/bx/n/14.4 œÓÔÓ‚Â‰¸ ‡Ô œÂÚ^^?‡ ‚ ‰ÂÌ¸ œˇ^^?ÚË^^?‰Â^^?ÒˇÚ^^?ÌË^^?ˆ
˚ (ƒÂ^^?ˇÌ
 []


LaTeX Warning: Citation `@brown.vvedenie_1' on page 4 undefined on input line 1
7.


Overfull \hbox (309.57655pt too wide) in paragraph at lines 22--38
 [] 
 []

Package babel Info: Redefining russian shorthand "|
(babel)             in language append on input line 38.
Package babel Info: Redefining russian shorthand "~
(babel)             in language append on input line 38.
Package babel Info: Redefining russian shorthand "|
(babel)             in language append on input line 38.
Package babel Info: Redefining russian shorthand "~
(babel)             in language append on input line 38.
[4



] (/usr/local/texlive/2017/texmf-dist/tex/latex/ucs/data/uni-3.def
File: uni-3.def 2013/05/13 UCS: Unicode data U+0300..U+03FF
)

! LaTeX Error: Command \textmu unavailable in encoding T2A.

See the LaTeX manual or LaTeX Companion for explanation.
Type  H <return>  for immediate help.
 ...                                              
                                                  
l.53 ...æ ŒºŒ¨Œ∫œÅŒ±ŒΩ ‚Äì¬†–¥–∞–ª—å–Ω–∏–π, –≥—Ä.}
                                                  ,
? 

! LaTeX Error: Command \textalpha unavailable in encoding T2A.

See the LaTeX manual or LaTeX Companion for explanation.
Type  H <return>  for immediate help.
 ...                                              
                                                  
l.53 ...æ ŒºŒ¨Œ∫œÅŒ±ŒΩ ‚Äì¬†–¥–∞–ª—å–Ω–∏–π, –≥—Ä.}
                                                  ,
? 

! LaTeX Error: Command \textalpha unavailable in encoding T2A.

See the LaTeX manual or LaTeX Companion for explanation.
Type  H <return>  for immediate help.
 ...                                              
                                                  
l.53 ...æ ŒºŒ¨Œ∫œÅŒ±ŒΩ ‚Äì¬†–¥–∞–ª—å–Ω–∏–π, –≥—Ä.}
                                                  ,
? y
Type <return> to proceed, S to scroll future error messages,
R to run without stopping, Q to run quietly,
I to insert something, E to edit your file,
1 or ... or 9 to ignore the next 1 to 9 tokens of input,
H for help, X to quit.
? r
OK, entering \nonstopmode...

! LaTeX Error: Command \textkappa unavailable in encoding T2A.

See the LaTeX manual or LaTeX Companion for explanation.
Type  H <return>  for immediate help.
 ...                                              
                                                  
l.53 ...æ ŒºŒ¨Œ∫œÅŒ±ŒΩ ‚Äì¬†–¥–∞–ª—å–Ω–∏–π, –≥—Ä.}
                                                  ,
Your command was ignored.
Type  I <command> <return>  to replace it with another command,
or  <return>  to continue without it.


! LaTeX Error: Command \textrho unavailable in encoding T2A.

See the LaTeX manual or LaTeX Companion for explanation.
Type  H <return>  for immediate help.
 ...                                              
                                                  
l.53 ...æ ŒºŒ¨Œ∫œÅŒ±ŒΩ ‚Äì¬†–¥–∞–ª—å–Ω–∏–π, –≥—Ä.}
                                                  ,
Your command was ignored.
Type  I <command> <return>  to replace it with another command,
or  <return>  to continue without it.


! LaTeX Error: Command \textalpha unavailable in encoding T2A.

See the LaTeX manual or LaTeX Companion for explanation.
Type  H <return>  for immediate help.
 ...                                              
                                                  
l.53 ...æ ŒºŒ¨Œ∫œÅŒ±ŒΩ ‚Äì¬†–¥–∞–ª—å–Ω–∏–π, –≥—Ä.}
                                                  ,
Your command was ignored.
Type  I <command> <return>  to replace it with another command,
or  <return>  to continue without it.


! LaTeX Error: Command \textnu unavailable in encoding T2A.

See the LaTeX manual or LaTeX Companion for explanation.
Type  H <return>  for immediate help.
 ...                                              
                                                  
l.53 ...æ ŒºŒ¨Œ∫œÅŒ±ŒΩ ‚Äì¬†–¥–∞–ª—å–Ω–∏–π, –≥—Ä.}
                                                  ,
Your command was ignored.
Type  I <command> <return>  to replace it with another command,
or  <return>  to continue without it.

Package babel Info: Redefining russian shorthand "|
(babel)             in language append on input line 59.
Package babel Info: Redefining russian shorthand "~
(babel)             in language append on input line 59.
Package babel Info: Redefining russian shorthand "|
(babel)             in language append on input line 59.
Package babel Info: Redefining russian shorthand "~
(babel)             in language append on input line 59.
[5]
Overfull \hbox (372.02188pt too wide) in paragraph at lines 75--94
 [] 
 []

Package babel Info: Redefining russian shorthand "|
(babel)             in language append on input line 94.
Package babel Info: Redefining russian shorthand "~
(babel)             in language append on input line 94.
Package babel Info: Redefining russian shorthand "|
(babel)             in language append on input line 94.
Package babel Info: Redefining russian shorthand "~
(babel)             in language append on input line 94.
[6]
Package babel Info: Redefining russian shorthand "|
(babel)             in language append on input line 116.
Package babel Info: Redefining russian shorthand "~
(babel)             in language append on input line 116.
Package babel Info: Redefining russian shorthand "|
(babel)             in language append on input line 116.
Package babel Info: Redefining russian shorthand "~
(babel)             in language append on input line 116.
 [7]
! Extra alignment tab has been changed to \cr.
<recently read> \endtemplate 
                             
l.139 		5:29 &
               —Å–≤–∏–¥–µ—Ç–µ–ª—å—Å—Ç–≤–æ & –ø–æ–≤—Ç–æ—Ä 4:19 \\
You have given more \span or & marks than there were
in the preamble to the \halign or \valign now in progress.
So I'll assume that you meant to type \cr instead.


Overfull \hbox (352.99411pt too wide) in paragraph at lines 130--146
 [] 
 []

Package babel Info: Redefining russian shorthand "|
(babel)             in language append on input line 154.
Package babel Info: Redefining russian shorthand "~
(babel)             in language append on input line 154.
Package babel Info: Redefining russian shorthand "|
(babel)             in language append on input line 154.
Package babel Info: Redefining russian shorthand "~
(babel)             in language append on input line 154.
[8]

LaTeX Warning: Citation `@brown.vvedenie_1' on page 9 undefined on input line 1
76.


Overfull \hbox (261.81613pt too wide) in paragraph at lines 181--195
 [] 
 []

Package babel Info: Redefining russian shorthand "|
(babel)             in language append on input line 195.
Package babel Info: Redefining russian shorthand "~
(babel)             in language append on input line 195.
Package babel Info: Redefining russian shorthand "|
(babel)             in language append on input line 195.
Package babel Info: Redefining russian shorthand "~
(babel)             in language append on input line 195.
[9]
Package babel Info: Redefining russian shorthand "|
(babel)             in language append on input line 217.
Package babel Info: Redefining russian shorthand "~
(babel)             in language append on input line 217.
Package babel Info: Redefining russian shorthand "|
(babel)             in language append on input line 217.
Package babel Info: Redefining russian shorthand "~
(babel)             in language append on input line 217.
 [10]

LaTeX Warning: Citation `@brown.vvedenie_1' on page 11 undefined on input line 
220.


Underfull \hbox (badness 4713) in paragraph at lines 223--223
[][]\T2A/cmr/bx/n/14.4 œÓÔÓ‚Â‰¸ ‡Ô ‘Ë^^?ÎËÔ^^?Ô‡ ˝ÙË^^?ÓÔ^^?ÒÍÓ^^?ÏÛ Â‚^^?ÌÛ^^
?ıÛ (ƒÂ^^?ˇÌ
 []


Overfull \hbox (90.07773pt too wide) in paragraph at lines 231--240
 [] 
 []

Package babel Info: Redefining russian shorthand "|
(babel)             in language append on input line 248.
Package babel Info: Redefining russian shorthand "~
(babel)             in language append on input line 248.
Package babel Info: Redefining russian shorthand "|
(babel)             in language append on input line 248.
Package babel Info: Redefining russian shorthand "~
(babel)             in language append on input line 248.
[11]
Overfull \hbox (258.75456pt too wide) in paragraph at lines 262--281
 [] 
 []

Package babel Info: Redefining russian shorthand "|
(babel)             in language append on input line 281.
Package babel Info: Redefining russian shorthand "~
(babel)             in language append on input line 281.
Package babel Info: Redefining russian shorthand "|
(babel)             in language append on input line 281.
Package babel Info: Redefining russian shorthand "~
(babel)             in language append on input line 281.
[12]
Package babel Info: Redefining russian shorthand "|
(babel)             in language append on input line 302.
Package babel Info: Redefining russian shorthand "~
(babel)             in language append on input line 302.
Package babel Info: Redefining russian shorthand "|
(babel)             in language append on input line 302.
Package babel Info: Redefining russian shorthand "~
(babel)             in language append on input line 302.
 [13]
Overfull \hbox (205.62773pt too wide) in paragraph at lines 314--333
 [] 
 []

Package babel Info: Redefining russian shorthand "|
(babel)             in language append on input line 341.
Package babel Info: Redefining russian shorthand "~
(babel)             in language append on input line 341.
Package babel Info: Redefining russian shorthand "|
(babel)             in language append on input line 341.
Package babel Info: Redefining russian shorthand "~
(babel)             in language append on input line 341.
[14]
Overfull \hbox (195.9296pt too wide) in paragraph at lines 365--377
 [] 
 []

Package babel Info: Redefining russian shorthand "|
(babel)             in language append on input line 377.
Package babel Info: Redefining russian shorthand "~
(babel)             in language append on input line 377.
Package babel Info: Redefining russian shorthand "|
(babel)             in language append on input line 377.
Package babel Info: Redefining russian shorthand "~
(babel)             in language append on input line 377.
[15]
Package babel Info: Redefining russian shorthand "|
(babel)             in language append on input line 394.
Package babel Info: Redefining russian shorthand "~
(babel)             in language append on input line 394.


LaTeX Warning: Citation `@dunn.vvedenie' on page 16 undefined on input line 399
.

Package babel Info: Redefining russian shorthand "|
(babel)             in language append on input line 402.
Package babel Info: Redefining russian shorthand "~
(babel)             in language append on input line 402.
Package babel Info: Redefining russian shorthand "|
(babel)             in language append on input line 402.
Package babel Info: Redefining russian shorthand "~
(babel)             in language append on input line 402.
[16]
Package babel Info: Redefining russian shorthand "|
(babel)             in language append on input line 419.
Package babel Info: Redefining russian shorthand "~
(babel)             in language append on input line 419.
Package babel Info: Redefining russian shorthand "|
(babel)             in language append on input line 419.
Package babel Info: Redefining russian shorthand "~
(babel)             in language append on input line 419.
 [17]

LaTeX Warning: Citation `@dunn.vvedenie' on page 18 undefined on input line 421
.

)
Package babel Info: Redefining russian shorthand "|
(babel)             in language append on input line 35.
Package babel Info: Redefining russian shorthand "~
(babel)             in language append on input line 35.
Package babel Info: Redefining russian shorthand "|
(babel)             in language append on input line 35.
Package babel Info: Redefining russian shorthand "~
(babel)             in language append on input line 35.
 [18]
Package babel Info: Redefining russian shorthand "|
(babel)             in language append on input line 35.
Package babel Info: Redefining russian shorthand "~
(babel)             in language append on input line 35.
Package babel Info: Redefining russian shorthand "|
(babel)             in language append on input line 35.
Package babel Info: Redefining russian shorthand "~
(babel)             in language append on input line 35.
 [19]
\openout2 = `30_Hellenes.aux'.

 (./30_Hellenes.tex
Package babel Info: Redefining russian shorthand "|
(babel)             in language append on input line 2.
Package babel Info: Redefining russian shorthand "~
(babel)             in language append on input line 2.
Package babel Info: Redefining russian shorthand "|
(babel)             in language append on input line 7.
Package babel Info: Redefining russian shorthand "~
(babel)             in language append on input line 7.

Overfull \hbox (356.22957pt too wide) in paragraph at lines 17--27
 [] 
 []

Package babel Info: Redefining russian shorthand "|
(babel)             in language append on input line 45.
Package babel Info: Redefining russian shorthand "~
(babel)             in language append on input line 45.
Package babel Info: Redefining russian shorthand "|
(babel)             in language append on input line 45.
Package babel Info: Redefining russian shorthand "~
(babel)             in language append on input line 45.
[20



]
Overfull \hbox (171.7551pt too wide) in paragraph at lines 59--78
 [] 
 []

Package babel Info: Redefining russian shorthand "|
(babel)             in language append on input line 78.
Package babel Info: Redefining russian shorthand "~
(babel)             in language append on input line 78.
Package babel Info: Redefining russian shorthand "|
(babel)             in language append on input line 78.
Package babel Info: Redefining russian shorthand "~
(babel)             in language append on input line 78.
[21]
Package babel Info: Redefining russian shorthand "|
(babel)             in language append on input line 104.
Package babel Info: Redefining russian shorthand "~
(babel)             in language append on input line 104.
Package babel Info: Redefining russian shorthand "|
(babel)             in language append on input line 104.
Package babel Info: Redefining russian shorthand "~
(babel)             in language append on input line 104.
 [22]
Underfull \hbox (badness 5504) in paragraph at lines 107--107
[][]\T2A/cmr/bx/n/14.4 œÓÔÓ‚Â‰¸ ‡Ô œ‡‚^^?Î‡ ÔÓ^^?ÍÛ^^?‡^^?ÚÓ^^?Û ‘Â^^?ÎËÍ^^
?ÒÛ (ƒÂ^^?ˇÌ
 []


Overfull \hbox (112.9113pt too wide) in paragraph at lines 114--129
 [] 
 []

Package babel Info: Redefining russian shorthand "|
(babel)             in language append on input line 144.
Package babel Info: Redefining russian shorthand "~
(babel)             in language append on input line 144.
Package babel Info: Redefining russian shorthand "|
(babel)             in language append on input line 144.
Package babel Info: Redefining russian shorthand "~
(babel)             in language append on input line 144.
[23]
Underfull \hbox (badness 2126) in paragraph at lines 151--151
[][]\T2A/cmr/bx/n/14.4 œÓÔÓ‚Â‰¸ ‡Ô œ‡‚^^?Î‡ ÔÂ^^?Â‰ ˆ‡^^?ºÏ ¿„ËÔ^^?ÔÓÈ (ƒÂ^
^?ˇÌ
 []


Overfull \hbox (209.64626pt too wide) in paragraph at lines 158--177
 [] 
 []

Package babel Info: Redefining russian shorthand "|
(babel)             in language append on input line 177.
Package babel Info: Redefining russian shorthand "~
(babel)             in language append on input line 177.
Package babel Info: Redefining russian shorthand "|
(babel)             in language append on input line 177.
Package babel Info: Redefining russian shorthand "~
(babel)             in language append on input line 177.
[24]
Package babel Info: Redefining russian shorthand "|
(babel)             in language append on input line 202.
Package babel Info: Redefining russian shorthand "~
(babel)             in language append on input line 202.
Package babel Info: Redefining russian shorthand "|
(babel)             in language append on input line 202.
Package babel Info: Redefining russian shorthand "~
(babel)             in language append on input line 202.
 [25]
Package babel Info: Redefining russian shorthand "|
(babel)             in language append on input line 202.
Package babel Info: Redefining russian shorthand "~
(babel)             in language append on input line 202.
Package babel Info: Redefining russian shorthand "|
(babel)             in language append on input line 223.
Package babel Info: Redefining russian shorthand "~
(babel)             in language append on input line 223.
Package babel Info: Redefining russian shorthand "|
(babel)             in language append on input line 223.
Package babel Info: Redefining russian shorthand "~
(babel)             in language append on input line 223.
 [26]

LaTeX Warning: Citation `@dunn.vvedenie' on page 27 undefined on input line 238
.

Package babel Info: Redefining russian shorthand "|
(babel)             in language append on input line 240.
Package babel Info: Redefining russian shorthand "~
(babel)             in language append on input line 240.
Package babel Info: Redefining russian shorthand "|
(babel)             in language append on input line 240.
Package babel Info: Redefining russian shorthand "~
(babel)             in language append on input line 240.
[27]

LaTeX Warning: Citation `@wright.4to' on page 28 undefined on input line 253.

)
Package babel Info: Redefining russian shorthand "|
(babel)             in language append on input line 36.
Package babel Info: Redefining russian shorthand "~
(babel)             in language append on input line 36.
Package babel Info: Redefining russian shorthand "|
(babel)             in language append on input line 36.
Package babel Info: Redefining russian shorthand "~
(babel)             in language append on input line 36.
 [28]
\openout2 = `80_conclusion.aux'.

 (./80_conclusion.tex
Package babel Info: Redefining russian shorthand "|
(babel)             in language append on input line 3.
Package babel Info: Redefining russian shorthand "~
(babel)             in language append on input line 3.


LaTeX Warning: Citation `@via.kerigma' on page 29 undefined on input line 17.

! Missing \endcsname inserted.
<to be read again> 
                   \protect 
l.19 ...–±–Ω–µ–µ —Å–º. \cite{@dunn.vvedenie ¬ß 69}
                                                   —Ä–µ–¥–æ–∫, –∏ –ø—Ä–æ–ø–æ...
The control sequence marked <to be read again> should
not appear between \csname and \endcsname.

! Extra \endcsname.
\@ifundefined ...dafter \ifx \csname #1\endcsname 
                                                  \relax \expandafter \@firs...
l.19 ...–±–Ω–µ–µ —Å–º. \cite{@dunn.vvedenie ¬ß 69}
                                                   —Ä–µ–¥–æ–∫, –∏ –ø—Ä–æ–ø–æ...
I'm ignoring this, since I wasn't doing a \csname.


LaTeX Warning: Citation `@dunn.vvedenie \T2A\textsection 69' on page 29 undefin
ed on input line 19.

Package babel Info: Redefining russian shorthand "|
(babel)             in language append on input line 26.
Package babel Info: Redefining russian shorthand "~
(babel)             in language append on input line 26.
Package babel Info: Redefining russian shorthand "|
(babel)             in language append on input line 26.
Package babel Info: Redefining russian shorthand "~
(babel)             in language append on input line 26.
[29



])
Package babel Info: Redefining russian shorthand "|
(babel)             in language append on input line 41.
Package babel Info: Redefining russian shorthand "~
(babel)             in language append on input line 41.
Package babel Info: Redefining russian shorthand "|
(babel)             in language append on input line 41.
Package babel Info: Redefining russian shorthand "~
(babel)             in language append on input line 41.
 [30] (./81-biblio.tex
No file main.bbl.
)
\openout2 = `90-appendix1.aux'.

 (./90-appendix1.tex
Package babel Info: Redefining russian shorthand "|
(babel)             in language append on input line 1.
Package babel Info: Redefining russian shorthand "~
(babel)             in language append on input line 1.

Underfull \hbox (badness 3746) in paragraph at lines 4--4
[][]\T2A/cmr/bx/n/14.4 œÓÔÓ‚Â‰¸ ‡Ô œÂÚ^^?‡ ‚ ‰ÂÌ¸ œˇ^^?ÚË^^?‰Â^^?ÒˇÚ^^?ÌË^^?ˆ
˚ (ƒˇÌ
 []

Package babel Info: Redefining russian shorthand "|
(babel)             in language append on input line 33.
Package babel Info: Redefining russian shorthand "~
(babel)             in language append on input line 33.
Package babel Info: Redefining russian shorthand "|
(babel)             in language append on input line 33.
Package babel Info: Redefining russian shorthand "~
(babel)             in language append on input line 33.
[31



]
Package babel Info: Redefining russian shorthand "|
(babel)             in language append on input line 65.
Package babel Info: Redefining russian shorthand "~
(babel)             in language append on input line 65.
Package babel Info: Redefining russian shorthand "|
(babel)             in language append on input line 65.
Package babel Info: Redefining russian shorthand "~
(babel)             in language append on input line 65.
 [32]
Package babel Info: Redefining russian shorthand "|
(babel)             in language append on input line 95.
Package babel Info: Redefining russian shorthand "~
(babel)             in language append on input line 95.
Package babel Info: Redefining russian shorthand "|
(babel)             in language append on input line 95.
Package babel Info: Redefining russian shorthand "~
(babel)             in language append on input line 95.
 [33]
Package babel Info: Redefining russian shorthand "|
(babel)             in language append on input line 127.
Package babel Info: Redefining russian shorthand "~
(babel)             in language append on input line 127.
Package babel Info: Redefining russian shorthand "|
(babel)             in language append on input line 127.
Package babel Info: Redefining russian shorthand "~
(babel)             in language append on input line 127.
 [34]
Package babel Info: Redefining russian shorthand "|
(babel)             in language append on input line 155.
Package babel Info: Redefining russian shorthand "~
(babel)             in language append on input line 155.
Package babel Info: Redefining russian shorthand "|
(babel)             in language append on input line 155.
Package babel Info: Redefining russian shorthand "~
(babel)             in language append on input line 155.
 [35]
Package babel Info: Redefining russian shorthand "|
(babel)             in language append on input line 185.
Package babel Info: Redefining russian shorthand "~
(babel)             in language append on input line 185.
Package babel Info: Redefining russian shorthand "|
(babel)             in language append on input line 185.
Package babel Info: Redefining russian shorthand "~
(babel)             in language append on input line 185.
 [36]
Package babel Info: Redefining russian shorthand "|
(babel)             in language append on input line 211.
Package babel Info: Redefining russian shorthand "~
(babel)             in language append on input line 211.
Package babel Info: Redefining russian shorthand "|
(babel)             in language append on input line 211.
Package babel Info: Redefining russian shorthand "~
(babel)             in language append on input line 211.
 [37]
Underfull \hbox (badness 4713) in paragraph at lines 243--243
[][]\T2A/cmr/bx/n/14.4 œÓÔÓ‚Â‰¸ ‡Ô ‘Ë^^?ÎËÔ^^?Ô‡ ˝ÙË^^?ÓÔ^^?ÒÍÓ^^?ÏÛ Â‚^^?ÌÛ^^
?ıÛ (ƒÂ^^?ˇÌ
 []

Package babel Info: Redefining russian shorthand "|
(babel)             in language append on input line 246.
Package babel Info: Redefining russian shorthand "~
(babel)             in language append on input line 246.
Package babel Info: Redefining russian shorthand "|
(babel)             in language append on input line 246.
Package babel Info: Redefining russian shorthand "~
(babel)             in language append on input line 246.
[38]
Package babel Info: Redefining russian shorthand "|
(babel)             in language append on input line 277.
Package babel Info: Redefining russian shorthand "~
(babel)             in language append on input line 277.
Package babel Info: Redefining russian shorthand "|
(babel)             in language append on input line 277.
Package babel Info: Redefining russian shorthand "~
(babel)             in language append on input line 277.
 [39]
Package babel Info: Redefining russian shorthand "|
(babel)             in language append on input line 305.
Package babel Info: Redefining russian shorthand "~
(babel)             in language append on input line 305.
Package babel Info: Redefining russian shorthand "|
(babel)             in language append on input line 305.
Package babel Info: Redefining russian shorthand "~
(babel)             in language append on input line 305.
 [40]
Package babel Info: Redefining russian shorthand "|
(babel)             in language append on input line 334.
Package babel Info: Redefining russian shorthand "~
(babel)             in language append on input line 334.
Package babel Info: Redefining russian shorthand "|
(babel)             in language append on input line 334.
Package babel Info: Redefining russian shorthand "~
(babel)             in language append on input line 334.
 [41]
Package babel Info: Redefining russian shorthand "|
(babel)             in language append on input line 366.
Package babel Info: Redefining russian shorthand "~
(babel)             in language append on input line 366.
Package babel Info: Redefining russian shorthand "|
(babel)             in language append on input line 366.
Package babel Info: Redefining russian shorthand "~
(babel)             in language append on input line 366.
 [42]
Package babel Info: Redefining russian shorthand "|
(babel)             in language append on input line 395.
Package babel Info: Redefining russian shorthand "~
(babel)             in language append on input line 395.
Package babel Info: Redefining russian shorthand "|
(babel)             in language append on input line 395.
Package babel Info: Redefining russian shorthand "~
(babel)             in language append on input line 395.
 [43]
Package babel Info: Redefining russian shorthand "|
(babel)             in language append on input line 425.
Package babel Info: Redefining russian shorthand "~
(babel)             in language append on input line 425.
Package babel Info: Redefining russian shorthand "|
(babel)             in language append on input line 425.
Package babel Info: Redefining russian shorthand "~
(babel)             in language append on input line 425.
 [44])
Package babel Info: Redefining russian shorthand "|
(babel)             in language append on input line 47.
Package babel Info: Redefining russian shorthand "~
(babel)             in language append on input line 47.
Package babel Info: Redefining russian shorthand "|
(babel)             in language append on input line 47.
Package babel Info: Redefining russian shorthand "~
(babel)             in language append on input line 47.
 [45]
\openout2 = `91-appendix2.aux'.

 (./91-appendix2.tex
Package babel Info: Redefining russian shorthand "|
(babel)             in language append on input line 1.
Package babel Info: Redefining russian shorthand "~
(babel)             in language append on input line 1.
Package babel Info: Redefining russian shorthand "|
(babel)             in language append on input line 33.
Package babel Info: Redefining russian shorthand "~
(babel)             in language append on input line 33.
Package babel Info: Redefining russian shorthand "|
(babel)             in language append on input line 33.
Package babel Info: Redefining russian shorthand "~
(babel)             in language append on input line 33.
 [46



]
Package babel Info: Redefining russian shorthand "|
(babel)             in language append on input line 60.
Package babel Info: Redefining russian shorthand "~
(babel)             in language append on input line 60.
Package babel Info: Redefining russian shorthand "|
(babel)             in language append on input line 60.
Package babel Info: Redefining russian shorthand "~
(babel)             in language append on input line 60.
 [47]
Underfull \hbox (badness 5504) in paragraph at lines 66--66
[][]\T2A/cmr/bx/n/14.4 œÓÔÓ‚Â‰¸ ‡Ô œ‡‚^^?Î‡ ÔÓ^^?ÍÛ^^?‡^^?ÚÓ^^?Û ‘Â^^?ÎËÍ^^
?ÒÛ (ƒÂ^^?ˇÌ
 []

Package babel Info: Redefining russian shorthand "|
(babel)             in language append on input line 89.
Package babel Info: Redefining russian shorthand "~
(babel)             in language append on input line 89.
Package babel Info: Redefining russian shorthand "|
(babel)             in language append on input line 89.
Package babel Info: Redefining russian shorthand "~
(babel)             in language append on input line 89.
[48]
Underfull \hbox (badness 2126) in paragraph at lines 101--101
[][]\T2A/cmr/bx/n/14.4 œÓÔÓ‚Â‰¸ ‡Ô œ‡‚^^?Î‡ ÔÂ^^?Â‰ ˆ‡^^?ºÏ ¿„ËÔ^^?ÔÓÈ (ƒÂ^
^?ˇÌ
 []

Package babel Info: Redefining russian shorthand "|
(babel)             in language append on input line 116.
Package babel Info: Redefining russian shorthand "~
(babel)             in language append on input line 116.
Package babel Info: Redefining russian shorthand "|
(babel)             in language append on input line 116.
Package babel Info: Redefining russian shorthand "~
(babel)             in language append on input line 116.
[49]
Package babel Info: Redefining russian shorthand "|
(babel)             in language append on input line 142.
Package babel Info: Redefining russian shorthand "~
(babel)             in language append on input line 142.
Package babel Info: Redefining russian shorthand "|
(babel)             in language append on input line 142.
Package babel Info: Redefining russian shorthand "~
(babel)             in language append on input line 142.
 [50])
Package babel Info: Redefining russian shorthand "|
(babel)             in language append on input line 48.
Package babel Info: Redefining russian shorthand "~
(babel)             in language append on input line 48.
Package babel Info: Redefining russian shorthand "|
(babel)             in language append on input line 48.
Package babel Info: Redefining russian shorthand "~
(babel)             in language append on input line 48.
 [51]
Package atveryend Info: Empty hook `BeforeClearDocument' on input line 50.
Package atveryend Info: Empty hook `AfterLastShipout' on input line 50.
 (./main.aux (./12_Intro.aux) (./20_Judes.aux)
(./30_Hellenes.aux) (./80_conclusion.aux) (./90-appendix1.aux)
(./91-appendix2.aux))
Package atveryend Info: Executing hook `AtVeryEndDocument' on input line 50.
Package atveryend Info: Executing hook `AtEndAfterFileList' on input line 50.


Package rerunfilecheck Warning: File `main.out' has changed.
(rerunfilecheck)                Rerun to get outlines right
(rerunfilecheck)                or use package `bookmark'.

Package rerunfilecheck Info: Checksums for `main.out':
(rerunfilecheck)             Before: <no file>
(rerunfilecheck)             After:  605EE4FF585D0FA31AFBE5D6D47080E8;3144.

LaTeX Font Warning: Some font shapes were not available, defaults substituted.


LaTeX Warning: There were undefined references.


LaTeX Warning: Label(s) may have changed. Rerun to get cross-references right.

Package atveryend Info: Empty hook `AtVeryVeryEnd' on input line 50.
 ) 
Here is how much of TeX's memory you used:
 25136 strings out of 492995
 432408 string characters out of 6132705
 464409 words of memory out of 5000000
 28109 multiletter control sequences out of 15000+600000
 14327 words of font info for 39 fonts, out of 8000000 for 9000
 1141 hyphenation exceptions out of 8191
 59i,8n,84p,970b,592s stack positions out of 5000i,500n,10000p,200000b,80000s
{/usr/local/texlive/2017/texmf-dist/fonts/enc/dvips/cm-super/cm-super-t2a.enc
}</usr/local/texlive/2017/texmf-dist/fonts/type1/public/cm-super/sfbx1000.pfb><
/usr/local/texlive/2017/texmf-dist/fonts/type1/public/cm-super/sfbx1440.pfb></u
sr/local/texlive/2017/texmf-dist/fonts/type1/public/cm-super/sfbx1728.pfb></usr
/local/texlive/2017/texmf-dist/fonts/type1/public/cm-super/sfrm0700.pfb></usr/l
ocal/texlive/2017/texmf-dist/fonts/type1/public/cm-super/sfrm1000.pfb></usr/loc
al/texlive/2017/texmf-dist/fonts/type1/public/cm-super/sfrm1440.pfb></usr/local
/texlive/2017/texmf-dist/fonts/type1/public/cm-super/sfti1440.pfb>
Output written on main.pdf (51 pages, 228513 bytes).
PDF statistics:
 355 PDF objects out of 1000 (max. 8388607)
 271 compressed objects within 3 object streams
 94 named destinations out of 1000 (max. 500000)
 129 words of extra memory for PDF output out of 10000 (max. 10000000)

